nohup: ignoring input
/home/ubuntu/follower_analyzer_bot/bot.py:632: PTBUserWarning: If 'per_message=False', 'CallbackQueryHandler' will not be tracked for every message. Read this FAQ entry to learn more about the per_* settings: https://github.com/python-telegram-bot/python-telegram-bot/wiki/Frequently-Asked-Questions#what-do-the-per_-settings-in-conversationhandler-do.
  conv_handler = ConversationHandler(
2026-03-13 18:13:39,092 - httpx - INFO - HTTP Request: POST https://api.telegram.org/bot8631761577:AAGmgxobDdQklAXO5xmFULQOQD-1Xce0FLM/getMe "HTTP/1.1 200 OK"
2026-03-13 18:13:39,659 - httpx - INFO - HTTP Request: POST https://api.telegram.org/bot8631761577:AAGmgxobDdQklAXO5xmFULQOQD-1Xce0FLM/deleteWebhook "HTTP/1.1 200 OK"
2026-03-13 18:13:39,661 - telegram.ext.Application - INFO - Application started
2026-03-13 18:13:51,942 - httpx - INFO - HTTP Request: POST https://api.telegram.org/bot8631761577:AAGmgxobDdQklAXO5xmFULQOQD-1Xce0FLM/getUpdates "HTTP/1.1 200 OK"
2026-03-13 18:14:02,716 - httpx - INFO - HTTP Request: POST https://api.telegram.org/bot8631761577:AAGmgxobDdQklAXO5xmFULQOQD-1Xce0FLM/getUpdates "HTTP/1.1 200 OK"
2026-03-13 18:14:13,286 - httpx - INFO - HTTP Request: POST https://api.telegram.org/bot8631761577:AAGmgxobDdQklAXO5xmFULQOQD-1Xce0FLM/getUpdates "HTTP/1.1 200 OK"
2026-03-13 18:14:24,052 - httpx - INFO - HTTP Request: POST https://api.telegram.org/bot8631761577:AAGmgxobDdQklAXO5xmFULQOQD-1Xce0FLM/getUpdates "HTTP/1.1 200 OK"
2026-03-13 18:14:34,619 - httpx - INFO - HTTP Request: POST https://api.telegram.org/bot8631761577:AAGmgxobDdQklAXO5xmFULQOQD-1Xce0FLM/getUpdates "HTTP/1.1 200 OK"
2026-03-13 18:14:45,194 - httpx - INFO - HTTP Request: POST https://api.telegram.org/bot8631761577:AAGmgxobDdQklAXO5xmFULQOQD-1Xce0FLM/getUpdates "HTTP/1.1 200 OK"
2026-03-13 18:14:55,766 - httpx - INFO - HTTP Request: POST https://api.telegram.org/bot8631761577:AAGmgxobDdQklAXO5xmFULQOQD-1Xce0FLM/getUpdates "HTTP/1.1 200 OK"
2026-03-13 18:15:06,339 - httpx - INFO - HTTP Request: POST https://api.telegram.org/bot8631761577:AAGmgxobDdQklAXO5xmFULQOQD-1Xce0FLM/getUpdates "HTTP/1.1 200 OK"
2026-03-13 18:15:16,904 - httpx - INFO - HTTP Request: POST https://api.telegram.org/bot8631761577:AAGmgxobDdQklAXO5xmFULQOQD-1Xce0FLM/getUpdates "HTTP/1.1 200 OK"
2026-03-13 18:15:27,470 - httpx - INFO - HTTP Request: POST https://api.telegram.org/bot8631761577:AAGmgxobDdQklAXO5xmFULQOQD-1Xce0FLM/getUpdates "HTTP/1.1 200 OK"
2026-03-13 18:15:38,043 - httpx - INFO - HTTP Request: POST https://api.telegram.org/bot8631761577:AAGmgxobDdQklAXO5xmFULQOQD-1Xce0FLM/getUpdates "HTTP/1.1 200 OK"
2026-03-13 18:15:48,609 - httpx - INFO - HTTP Request: POST https://api.telegram.org/bot8631761577:AAGmgxobDdQklAXO5xmFULQOQD-1Xce0FLM/getUpdates "HTTP/1.1 200 OK"
2026-03-13 18:15:59,376 - httpx - INFO - HTTP Request: POST https://api.telegram.org/bot8631761577:AAGmgxobDdQklAXO5xmFULQOQD-1Xce0FLM/getUpdates "HTTP/1.1 200 OK"
2026-03-13 18:16:09,950 - httpx - INFO - HTTP Request: POST https://api.telegram.org/bot8631761577:AAGmgxobDdQklAXO5xmFULQOQD-1Xce0FLM/getUpdates "HTTP/1.1 200 OK"
2026-03-13 18:16:20,516 - httpx - INFO - HTTP Request: POST https://api.telegram.org/bot8631761577:AAGmgxobDdQklAXO5xmFULQOQD-1Xce0FLM/getUpdates "HTTP/1.1 200 OK"
2026-03-13 18:16:31,284 - httpx - INFO - HTTP Request: POST https://api.telegram.org/bot8631761577:AAGmgxobDdQklAXO5xmFULQOQD-1Xce0FLM/getUpdates "HTTP/1.1 200 OK"
2026-03-13 18:16:41,925 - httpx - INFO - HTTP Request: POST https://api.telegram.org/bot8631761577:AAGmgxobDdQklAXO5xmFULQOQD-1Xce0FLM/getUpdates "HTTP/1.1 200 OK"
2026-03-13 18:16:52,570 - httpx - INFO - HTTP Request: POST https://api.telegram.org/bot8631761577:AAGmgxobDdQklAXO5xmFULQOQD-1Xce0FLM/getUpdates "HTTP/1.1 200 OK"
2026-03-13 18:17:04,003 - httpx - INFO - HTTP Request: POST https://api.telegram.org/bot8631761577:AAGmgxobDdQklAXO5xmFULQOQD-1Xce0FLM/getUpdates "HTTP/1.1 200 OK"
2026-03-13 18:17:15,452 - httpx - INFO - HTTP Request: POST https://api.telegram.org/bot8631761577:AAGmgxobDdQklAXO5xmFULQOQD-1Xce0FLM/getUpdates "HTTP/1.1 200 OK"
2026-03-13 18:17:26,020 - httpx - INFO - HTTP Request: POST https://api.telegram.org/bot8631761577:AAGmgxobDdQklAXO5xmFULQOQD-1Xce0FLM/getUpdates "HTTP/1.1 200 OK"
2026-03-13 18:17:36,590 - httpx - INFO - HTTP Request: POST https://api.telegram.org/bot8631761577:AAGmgxobDdQklAXO5xmFULQOQD-1Xce0FLM/getUpdates "HTTP/1.1 200 OK"
2026-03-13 18:17:47,363 - httpx - INFO - HTTP Request: POST https://api.telegram.org/bot8631761577:AAGmgxobDdQklAXO5xmFULQOQD-1Xce0FLM/getUpdates "HTTP/1.1 200 OK"
2026-03-13 18:17:57,933 - httpx - INFO - HTTP Request: POST https://api.telegram.org/bot8631761577:AAGmgxobDdQklAXO5xmFULQOQD-1Xce0FLM/getUpdates "HTTP/1.1 200 OK"
2026-03-13 18:18:08,518 - httpx - INFO - HTTP Request: POST https://api.telegram.org/bot8631761577:AAGmgxobDdQklAXO5xmFULQOQD-1Xce0FLM/getUpdates "HTTP/1.1 200 OK"
2026-03-13 18:18:19,092 - httpx - INFO - HTTP Request: POST https://api.telegram.org/bot8631761577:AAGmgxobDdQklAXO5xmFULQOQD-1Xce0FLM/getUpdates "HTTP/1.1 200 OK"
2026-03-13 18:18:29,656 - httpx - INFO - HTTP Request: POST https://api.telegram.org/bot8631761577:AAGmgxobDdQklAXO5xmFULQOQD-1Xce0FLM/getUpdates "HTTP/1.1 200 OK"
2026-03-13 18:18:40,221 - httpx - INFO - HTTP Request: POST https://api.telegram.org/bot8631761577:AAGmgxobDdQklAXO5xmFULQOQD-1Xce0FLM/getUpdates "HTTP/1.1 200 OK"
2026-03-13 18:18:50,786 - httpx - INFO - HTTP Request: POST https://api.telegram.org/bot8631761577:AAGmgxobDdQklAXO5xmFULQOQD-1Xce0FLM/getUpdates "HTTP/1.1 200 OK"
2026-03-13 18:19:01,347 - httpx - INFO - HTTP Request: POST https://api.telegram.org/bot8631761577:AAGmgxobDdQklAXO5xmFULQOQD-1Xce0FLM/getUpdates "HTTP/1.1 200 OK"
2026-03-13 18:19:12,119 - httpx - INFO - HTTP Request: POST https://api.telegram.org/bot8631761577:AAGmgxobDdQklAXO5xmFULQOQD-1Xce0FLM/getUpdates "HTTP/1.1 200 OK"
2026-03-13 18:19:22,681 - httpx - INFO - HTTP Request: POST https://api.telegram.org/bot8631761577:AAGmgxobDdQklAXO5xmFULQOQD-1Xce0FLM/getUpdates "HTTP/1.1 200 OK"
2026-03-13 18:19:33,245 - httpx - INFO - HTTP Request: POST https://api.telegram.org/bot8631761577:AAGmgxobDdQklAXO5xmFULQOQD-1Xce0FLM/getUpdates "HTTP/1.1 200 OK"
2026-03-13 18:19:43,810 - httpx - INFO - HTTP Request: POST https://api.telegram.org/bot8631761577:AAGmgxobDdQklAXO5xmFULQOQD-1Xce0FLM/getUpdates "HTTP/1.1 200 OK"
2026-03-13 18:19:54,371 - httpx - INFO - HTTP Request: POST https://api.telegram.org/bot8631761577:AAGmgxobDdQklAXO5xmFULQOQD-1Xce0FLM/getUpdates "HTTP/1.1 200 OK"
2026-03-13 18:20:04,932 - httpx - INFO - HTTP Request: POST https://api.telegram.org/bot8631761577:AAGmgxobDdQklAXO5xmFULQOQD-1Xce0FLM/getUpdates "HTTP/1.1 200 OK"
2026-03-13 18:20:15,495 - httpx - INFO - HTTP Request: POST https://api.telegram.org/bot8631761577:AAGmgxobDdQklAXO5xmFULQOQD-1Xce0FLM/getUpdates "HTTP/1.1 200 OK"
2026-03-13 18:20:26,060 - httpx - INFO - HTTP Request: POST https://api.telegram.org/bot8631761577:AAGmgxobDdQklAXO5xmFULQOQD-1Xce0FLM/getUpdates "HTTP/1.1 200 OK"
2026-03-13 18:20:36,628 - httpx - INFO - HTTP Request: POST https://api.telegram.org/bot8631761577:AAGmgxobDdQklAXO5xmFULQOQD-1Xce0FLM/getUpdates "HTTP/1.1 200 OK"
2026-03-13 18:20:47,191 - httpx - INFO - HTTP Request: POST https://api.telegram.org/bot8631761577:AAGmgxobDdQklAXO5xmFULQOQD-1Xce0FLM/getUpdates "HTTP/1.1 200 OK"
2026-03-13 18:20:58,020 - httpx - INFO - HTTP Request: POST https://api.telegram.org/bot8631761577:AAGmgxobDdQklAXO5xmFULQOQD-1Xce0FLM/getUpdates "HTTP/1.1 200 OK"
2026-03-13 18:21:08,584 - httpx - INFO - HTTP Request: POST https://api.telegram.org/bot8631761577:AAGmgxobDdQklAXO5xmFULQOQD-1Xce0FLM/getUpdates "HTTP/1.1 200 OK"
2026-03-13 18:21:19,158 - httpx - INFO - HTTP Request: POST https://api.telegram.org/bot8631761577:AAGmgxobDdQklAXO5xmFULQOQD-1Xce0FLM/getUpdates "HTTP/1.1 200 OK"
2026-03-13 18:21:29,722 - httpx - INFO - HTTP Request: POST https://api.telegram.org/bot8631761577:AAGmgxobDdQklAXO5xmFULQOQD-1Xce0FLM/getUpdates "HTTP/1.1 200 OK"
2026-03-13 18:21:40,490 - httpx - INFO - HTTP Request: POST https://api.telegram.org/bot8631761577:AAGmgxobDdQklAXO5xmFULQOQD-1Xce0FLM/getUpdates "HTTP/1.1 200 OK"
2026-03-13 18:21:51,052 - httpx - INFO - HTTP Request: POST https://api.telegram.org/bot8631761577:AAGmgxobDdQklAXO5xmFULQOQD-1Xce0FLM/getUpdates "HTTP/1.1 200 OK"
2026-03-13 18:22:01,814 - httpx - INFO - HTTP Request: POST https://api.telegram.org/bot8631761577:AAGmgxobDdQklAXO5xmFULQOQD-1Xce0FLM/getUpdates "HTTP/1.1 200 OK"
2026-03-13 18:22:12,382 - httpx - INFO - HTTP Request: POST https://api.telegram.org/bot8631761577:AAGmgxobDdQklAXO5xmFULQOQD-1Xce0FLM/getUpdates "HTTP/1.1 200 OK"
2026-03-13 18:22:22,947 - httpx - INFO - HTTP Request: POST https://api.telegram.org/bot8631761577:AAGmgxobDdQklAXO5xmFULQOQD-1Xce0FLM/getUpdates "HTTP/1.1 200 OK"
2026-03-13 18:22:33,724 - httpx - INFO - HTTP Request: POST https://api.telegram.org/bot8631761577:AAGmgxobDdQklAXO5xmFULQOQD-1Xce0FLM/getUpdates "HTTP/1.1 200 OK"
2026-03-13 18:22:44,498 - httpx - INFO - HTTP Request: POST https://api.telegram.org/bot8631761577:AAGmgxobDdQklAXO5xmFULQOQD-1Xce0FLM/getUpdates "HTTP/1.1 200 OK"
2026-03-13 18:22:55,076 - httpx - INFO - HTTP Request: POST https://api.telegram.org/bot8631761577:AAGmgxobDdQklAXO5xmFULQOQD-1Xce0FLM/getUpdates "HTTP/1.1 200 OK"
2026-03-13 18:23:05,850 - httpx - INFO - HTTP Request: POST https://api.telegram.org/bot8631761577:AAGmgxobDdQklAXO5xmFULQOQD-1Xce0FLM/getUpdates "HTTP/1.1 200 OK"
2026-03-13 18:23:16,415 - httpx - INFO - HTTP Request: POST https://api.telegram.org/bot8631761577:AAGmgxobDdQklAXO5xmFULQOQD-1Xce0FLM/getUpdates "HTTP/1.1 200 OK"
